                                ;ram loader in unused TRS-80 ram location
                                org 0x3400
                                
3400: 85                        bnk1: db 0x85 ;bank to load into bank 1
3401: 85                        bnk2: db 0x85 ;bank to load into bank 2
3402: 85                        bnk3: db 0x85 ;bank to load into bank 3
3403: 19 1A                     ajmp: db 0x19,0x1a; place to jump when loading is done
                                
3405: 00 00 00 00 00 00 00 00   db 0,0,0,0,0,0,0,0,0,0,0
340D: 00 00 00 
                                
3410: 3A 00 34                  ld a,(bnk1)
3413: D3 71                     out (0x71),a ;bnk1 -> slot 1
3415: 3E A5                     ld a,0xA5 ;ram bank 5 -> slot 2
3417: D3 72                     out (0x72),a
3419: 01 00 40                  ld bc,0x4000 ;copy 16k
341C: 11 00 80                  ld de,0x8000 ;copy to
341F: 21 00 40                  ld hl,0x4000 ;copy from
3422: ED B0                     ldir
                                
3424: 3A 01 34                  ld a,(bnk2)
3427: D3 71                     out (0x71),a ;bnk2 -> slot 1
3429: 3E A6                     ld a,0xA6 ;ram bank 6 -> slot 2
342B: D3 72                     out (0x72),a
342D: 01 00 40                  ld bc,0x4000 ;copy 16k
3430: 11 00 80                  ld de,0x8000 ;copy to
3433: 21 00 40                  ld hl,0x4000 ;copy from
3436: ED B0                     ldir
                                
3438: 3A 02 34                  ld a,(bnk3)
343B: D3 71                     out (0x71),a ;bnk3 -> slot 1
343D: 3E A7                     ld a,0xA7 ;ram bank 7 -> slot 2
343F: D3 72                     out (0x72),a
3441: 01 00 40                  ld bc,0x4000 ;copy 16k
3444: 11 00 80                  ld de,0x8000 ;copy to
3447: 21 00 40                  ld hl,0x4000 ;copy from
344A: ED B0                     ldir
                                
344C: 3E A5                     ld a,0xA5; ram bank 5 -> slot 1
344E: D3 71                     out (0x71),a
3450: 3E A6                     ld a,0xA6; ram bank 6 -> slot 2
3452: D3 72                     out (0x72),a
3454: 3E A7                     ld a,0xA7; ram bank 7 -> slot 3
3456: D3 73                     out (0x73),a
                                
3458: 2A 03 34                  ld hl,(ajmp)
345B: E9                        jp (hl)
                                

345C:
