                                org 0x5920
                                start1:
5920: 01 02 3D                  	ld bc,0x3d02 
5923: 11 10 5C                  	ld de,S2
5926: CD 48 59                  	call bigPrint
5929: 01 02 3E                  	ld bc,0x3e02 
592C: 11 1B 5C                  	ld de,S3
592F: CD 48 59                  	call bigPrint
5932: 01 02 3F                  	ld bc,0x3f02 
5935: 11 26 5C                  	ld de,S4
5938: CD 48 59                  	call bigPrint
593B: C9                        	ret
                                
                                start2: ;call from BASIC (use USR(stringlocation))
593C: CD 7F 0A                  	call 0x0a7f
593F: 01 82 3D                  	ld bc,0x3d82 ;SCREEN CENTER
5942: 54                        	ld d,h
5943: 5D                        	ld e,l
5944: CD 48 59                  	call bigPrint
5947: C9                        	ret
                                	
                                
                                bigPrint: ;prints a string at de to screen at bc. String must be null terminated.
5948: 1A                        	ld a,(de)
5949: FE 00                     	cp 0
594B: 28 0E                     	jr z,bigPrintLoopEnd
594D: C5                        	push bc
594E: E1                        	pop hl
594F: CD 5C 59                  	call letter
5952: 03                        	inc bc
5953: 03                        	inc bc
5954: 03                        	inc bc
5955: 03                        	inc bc
5956: 03                        	inc bc
5957: 03                        	inc bc
5958: 13                        	inc de
5959: 18 ED                     	jr bigPrint
                                	bigPrintLoopEnd:	
595B: C9                        		ret
                                	
                                letter: ;at position hl on screen, print character a in big font, using graphics characters
595C: C5                        	push bc
595D: D5                        	push de
595E: 22 0C 5C                  	ld (destination),hl
5961: E6 3F                     	and 0b00111111 ;a is now 0-63
5963: 21 06 5A                  	ld hl,font
5966: 44                        	ld b,h
5967: 4D                        	ld c,l
5968: 26 00                     	ld h,0
596A: 6F                        	ld l,a
596B: 29                        	add hl,hl
596C: 29                        	add hl,hl
596D: 29                        	add hl,hl ;bc = 8*a
596E: 09                        	add hl,bc ;hl = font+8*a 
596F: 2B                        	dec hl
5970: 22 0E 5C                  	ld (fontpointer),hl
5973: 06 03                     	ld b,3
                                	nineLines:
5975: 2A 0E 5C                  		ld hl,(fontpointer) ;got it backwards, so a hacky fix
5978: 23                        		inc hl
5979: 23                        		inc hl
597A: 23                        		inc hl
597B: 22 0E 5C                  		ld (fontpointer),hl
597E: C5                        		push bc
597F: 06 03                     		ld b,3
                                		gcloop: ;loop 3 times down loop for one graphics char
5981: C5                        			push bc ;loop counter
5982: 2A 0E 5C                  			ld hl,(fontpointer)
5985: CD BA 59                  			call lineOrer
5988: C1                        			pop bc ;loop counter
5989: 2A 0E 5C                  			ld hl,(fontpointer)
598C: 2B                        			dec hl
598D: 22 0E 5C                  			ld (fontpointer),hl
5990: 10 EF                     			djnz gcloop
5992: C1                        		pop bc
5993: C5                        		push bc
5994: 3E 01                     		ld a,1
5996: B8                        		cp b
5997: 20 0C                     		jr nz, line3skip
5999: 21 06 5C                  			ld hl,scratchpad
599C: 06 06                     			ld b,6
                                			gcloop3: ;clear out the 9th line, we aren't using it
599E: 3E 0F                     				ld a,0x0f
59A0: A6                        				and (hl)
59A1: 77                        				ld (hl),a
59A2: 23                        				inc hl
59A3: 10 F9                     				djnz gcloop3
                                		line3skip:
59A5: 2A 0E 5C                  		ld hl,(fontpointer)
59A8: 23                        		inc hl
59A9: 23                        		inc hl
59AA: 23                        		inc hl
59AB: 22 0E 5C                  		ld (fontpointer),hl
59AE: CD D5 59                  		call scratch2Screen
59B1: C1                        		pop bc
59B2: 10 C1                     		djnz nineLines
59B4: CD D5 59                  	call scratch2Screen
59B7: D1                        	pop de
59B8: C1                        	pop bc
59B9: C9                        	ret
                                
                                lineOrer: ;shifts graphics blocks down char, then copies line info at HL to top of char cell, for one line (6 chars)
59BA: 7E                        	ld a,(hl)
59BB: 07                        	rlca
59BC: 57                        	ld d,a
59BD: 21 06 5C                  	ld hl,scratchpad
59C0: 06 06                     	ld b,6
                                	lineloop:
59C2: 7A                        	ld a,d ;font info
59C3: E6 01                     	and 1
59C5: 4F                        	ld c,a 
59C6: 87                        	add a,a
59C7: 81                        	add a,c
59C8: 4F                        	ld c,a
59C9: 7E                        	ld a,(hl)
59CA: 87                        	add a,a
59CB: 87                        	add a,a
59CC: 81                        	add a,c
59CD: 77                        	ld (hl),a
59CE: 23                        	inc hl
59CF: 7A                        	ld a,d
59D0: 07                        	rlca
59D1: 57                        	ld d,a
59D2: 10 EE                     	djnz lineloop
59D4: C9                        	ret
                                
                                scratch2Screen: ;copy scratchpad to screen; increment screen pointer down a char
59D5: 21 06 5C                  	ld hl,scratchpad
59D8: 06 06                     	ld b,6
                                	lineloop4:
59DA: 3E 80                     	ld a,0x80
59DC: B6                        	or (hl)
59DD: 77                        	ld (hl),a
59DE: 23                        	inc hl
59DF: 10 F9                     	djnz lineloop4
59E1: 2A 0C 5C                  	ld hl,(destination)
59E4: 54                        	ld d,h
59E5: 5D                        	ld e,l
59E6: 21 06 5C                  	ld hl,scratchpad
59E9: 01 06 00                  	ld bc,0x0006
59EC: ED B0                     	ldir
59EE: 2A 0C 5C                  	ld hl,(destination)
59F1: 3E 40                     	ld a,64 ;add 64 to go down a line
59F3: 85                        	add a,l ;A = A+L ;add a to hl
59F4: 6F                        	ld l,a  ;L = A+L
59F5: 8C                        	adc a,h ;A = A+L+H+carry
59F6: 95                        	sub l   ;A = H+carry
59F7: 67                        	ld  h,a ;H = H+carry
59F8: 22 0C 5C                  	ld (destination),hl
                                	;scratchpadZero:
59FB: 21 06 5C                  	ld hl,scratchpad
59FE: 06 06                     	ld b,6
                                	scratchpadZeroLoop:
5A00: AF                        	xor a
5A01: 77                        	ld (hl),a
5A02: 23                        	inc hl
5A03: 10 FB                     	djnz scratchpadZeroLoop
5A05: C9                        	ret
                                
                                font:
5A06: 38 44 04 34 54 54 38 00   db 0x38, 0x44, 0x04, 0x34, 0x54, 0x54, 0x38, 0x00, 0x10, 0x28, 0x44, 0x44, 0x7C, 0x44, 0x44, 0x00, 0x78, 0x24, 0x24, 0x38, 0x24, 0x24, 0x78, 0x00, 0x38, 0x44, 0x40, 0x40, 0x40, 0x44, 0x38, 0x00, 0x78, 0x24, 0x24, 0x24, 0x24, 0x24, 0x78, 0x00, 0x7C, 0x40, 0x40, 0x78, 0x40, 0x40, 0x7C, 0x00, 0x7C, 0x40, 0x40, 0x78, 0x40, 0x40, 0x40, 0x00, 0x3C, 0x40, 0x40, 0x4C, 0x44, 0x44, 0x3C, 0x00, 0x44, 0x44, 0x44, 0x7C, 0x44, 0x44, 0x44, 0x00, 0x7C, 0x10, 0x10, 0x10, 0x10, 0x10, 0x7C, 0x00, 0x04, 0x04, 0x04, 0x04, 0x04, 0x44, 0x38, 0x00, 0x44, 0x48, 0x50, 0x60, 0x50, 0x48, 0x44, 0x00, 0x40, 0x40, 0x40, 0x40, 0x40, 0x40, 0x7C, 0x00, 0x44, 0x6C, 0x54, 0x54, 0x44, 0x44, 0x44, 0x00, 0x44, 0x64, 0x54, 0x4C, 0x44, 0x44, 0x44, 0x00, 0x38, 0x44, 0x44, 0x44, 0x44, 0x44, 0x38, 0x00, 0x78, 0x44, 0x44, 0x78, 0x40, 0x40, 0x40, 0x00, 0x38, 0x44, 0x44, 0x44, 0x54, 0x48, 0x34, 0x00, 0x78, 0x44, 0x44, 0x78, 0x50, 0x48, 0x44, 0x00, 0x38, 0x44, 0x40, 0x38, 0x04, 0x44, 0x38, 0x00, 0x7C, 0x10, 0x10, 0x10, 0x10, 0x10, 0x10, 0x00, 0x44, 0x44, 0x44, 0x44, 0x44, 0x44, 0x38, 0x00, 0x44, 0x44, 0x44, 0x28, 0x28, 0x10, 0x10, 0x00, 0x44, 0x44, 0x44, 0x54, 0x54, 0x6C, 0x44, 0x00, 0x44, 0x44, 0x28, 0x10, 0x28, 0x44, 0x44, 0x00, 0x44, 0x44, 0x28, 0x10, 0x10, 0x10, 0x10, 0x00, 0x7C, 0x04, 0x08, 0x10, 0x20, 0x40, 0x7C, 0x00, 0x10, 0x38, 0x54, 0x10, 0x10, 0x10, 0x10, 0x00, 0x10, 0x10, 0x10, 0x10, 0x54, 0x38, 0x10, 0x00, 0x00, 0x10, 0x20, 0x7C, 0x20, 0x10, 0x00, 0x00, 0x00, 0x10, 0x08, 0x7C, 0x08, 0x10, 0x00, 0x00, 0x00, 0x00, 0x00, 0x00, 0x00, 0x00, 0x7C, 0x00, 0x00, 0x00, 0x00, 0x00, 0x00, 0x00, 0x00, 0x00, 0x10, 0x10, 0x10, 0x10, 0x10, 0x00, 0x10, 0x00, 0x28, 0x28, 0x00, 0x00, 0x00, 0x00, 0x00, 0x00, 0x28, 0x28, 0x7C, 0x28, 0x7C, 0x28, 0x28, 0x00, 0x10, 0x3C, 0x50, 0x38, 0x14, 0x78, 0x10, 0x00, 0x60, 0x64, 0x08, 0x10, 0x20, 0x4C, 0x0C, 0x00, 0x20, 0x50, 0x50, 0x20, 0x54, 0x48, 0x34, 0x00, 0x0C, 0x0C, 0x08, 0x10, 0x00, 0x00, 0x00, 0x00, 0x08, 0x10, 0x20, 0x20, 0x20, 0x10, 0x08, 0x00, 0x20, 0x10, 0x08, 0x08, 0x08, 0x10, 0x20, 0x00, 0x10, 0x54, 0x38, 0x7C, 0x38, 0x54, 0x10, 0x00, 0x00, 0x10, 0x10, 0x7C, 0x10, 0x10, 0x00, 0x00, 0x00, 0x00, 0x00, 0x00, 0x00, 0x18, 0x18, 0x10, 0x00, 0x00, 0x00, 0x7C, 0x00, 0x00, 0x00, 0x00, 0x00, 0x00, 0x00, 0x00, 0x00, 0x18, 0x18, 0x00, 0x00, 0x04, 0x08, 0x10, 0x20, 0x40, 0x00, 0x00, 0x38, 0x44, 0x4C, 0x54, 0x64, 0x44, 0x38, 0x00, 0x10, 0x30, 0x10, 0x10, 0x10, 0x10, 0x38, 0x00, 0x38, 0x44, 0x04, 0x38, 0x40, 0x40, 0x7C, 0x00, 0x38, 0x04, 0x04, 0x18, 0x04, 0x04, 0x38, 0x00, 0x08, 0x18, 0x28, 0x48, 0x7C, 0x08, 0x08, 0x00, 0x7C, 0x40, 0x78, 0x04, 0x04, 0x44, 0x38, 0x00, 0x18, 0x20, 0x40, 0x78, 0x44, 0x44, 0x38, 0x00, 0x7C, 0x04, 0x08, 0x10, 0x20, 0x40, 0x40, 0x00, 0x38, 0x44, 0x44, 0x38, 0x44, 0x44, 0x38, 0x00, 0x38, 0x44, 0x44, 0x3C, 0x04, 0x08, 0x30, 0x00, 0x00, 0x30, 0x30, 0x00, 0x30, 0x30, 0x00, 0x00, 0x00, 0x30, 0x30, 0x00, 0x30, 0x30, 0x20, 0x40, 0x08, 0x10, 0x20, 0x40, 0x20, 0x10, 0x08, 0x00, 0x00, 0x00, 0x7C, 0x00, 0x7C, 0x00, 0x00, 0x00, 0x40, 0x20, 0x10, 0x08, 0x10, 0x20, 0x40, 0x00, 0x38, 0x44, 0x04, 0x08, 0x10, 0x00, 0x10, 0x00
5A0E: 10 28 44 44 7C 44 44 00 
5A16: 78 24 24 38 24 24 78 00 
5A1E: 38 44 40 40 40 44 38 00 
5A26: 78 24 24 24 24 24 78 00 
5A2E: 7C 40 40 78 40 40 7C 00 
5A36: 7C 40 40 78 40 40 40 00 
5A3E: 3C 40 40 4C 44 44 3C 00 
5A46: 44 44 44 7C 44 44 44 00 
5A4E: 7C 10 10 10 10 10 7C 00 
5A56: 04 04 04 04 04 44 38 00 
5A5E: 44 48 50 60 50 48 44 00 
5A66: 40 40 40 40 40 40 7C 00 
5A6E: 44 6C 54 54 44 44 44 00 
5A76: 44 64 54 4C 44 44 44 00 
5A7E: 38 44 44 44 44 44 38 00 
5A86: 78 44 44 78 40 40 40 00 
5A8E: 38 44 44 44 54 48 34 00 
5A96: 78 44 44 78 50 48 44 00 
5A9E: 38 44 40 38 04 44 38 00 
5AA6: 7C 10 10 10 10 10 10 00 
5AAE: 44 44 44 44 44 44 38 00 
5AB6: 44 44 44 28 28 10 10 00 
5ABE: 44 44 44 54 54 6C 44 00 
5AC6: 44 44 28 10 28 44 44 00 
5ACE: 44 44 28 10 10 10 10 00 
5AD6: 7C 04 08 10 20 40 7C 00 
5ADE: 10 38 54 10 10 10 10 00 
5AE6: 10 10 10 10 54 38 10 00 
5AEE: 00 10 20 7C 20 10 00 00 
5AF6: 00 10 08 7C 08 10 00 00 
5AFE: 00 00 00 00 00 00 7C 00 
5B06: 00 00 00 00 00 00 00 00 
5B0E: 10 10 10 10 10 00 10 00 
5B16: 28 28 00 00 00 00 00 00 
5B1E: 28 28 7C 28 7C 28 28 00 
5B26: 10 3C 50 38 14 78 10 00 
5B2E: 60 64 08 10 20 4C 0C 00 
5B36: 20 50 50 20 54 48 34 00 
5B3E: 0C 0C 08 10 00 00 00 00 
5B46: 08 10 20 20 20 10 08 00 
5B4E: 20 10 08 08 08 10 20 00 
5B56: 10 54 38 7C 38 54 10 00 
5B5E: 00 10 10 7C 10 10 00 00 
5B66: 00 00 00 00 00 18 18 10 
5B6E: 00 00 00 7C 00 00 00 00 
5B76: 00 00 00 00 00 18 18 00 
5B7E: 00 04 08 10 20 40 00 00 
5B86: 38 44 4C 54 64 44 38 00 
5B8E: 10 30 10 10 10 10 38 00 
5B96: 38 44 04 38 40 40 7C 00 
5B9E: 38 04 04 18 04 04 38 00 
5BA6: 08 18 28 48 7C 08 08 00 
5BAE: 7C 40 78 04 04 44 38 00 
5BB6: 18 20 40 78 44 44 38 00 
5BBE: 7C 04 08 10 20 40 40 00 
5BC6: 38 44 44 38 44 44 38 00 
5BCE: 38 44 44 3C 04 08 30 00 
5BD6: 00 30 30 00 30 30 00 00 
5BDE: 00 30 30 00 30 30 20 40 
5BE6: 08 10 20 40 20 10 08 00 
5BEE: 00 00 7C 00 7C 00 00 00 
5BF6: 40 20 10 08 10 20 40 00 
5BFE: 38 44 04 08 10 00 10 00 
                                ;db 0x38, 0x44, 0x04, 0x34, 0x54, 0x54, 0x38, 0x00, 0x80, 0x40, 0x20, 0x10, 0x08, 0x04, 0xf0, 0x0f, 0x78, 0x24, 0x24, 0x38, 0x24, 0x24, 0x78, 0x00, 0x38, 0x44, 0x40, 0x40, 0x40, 0x44, 0x38, 0x00, 0x78, 0x24, 0x24, 0x24, 0x24, 0x24, 0x78, 0x00, 0x7C, 0x40, 0x40, 0x78, 0x40, 0x40, 0x7C, 0x00, 0x7C, 0x40, 0x40, 0x78, 0x40, 0x40, 0x40, 0x00, 0x3C, 0x40, 0x40, 0x4C, 0x44, 0x44, 0x3C, 0x00, 0x44, 0x44, 0x44, 0x7C, 0x44, 0x44, 0x44, 0x00, 0x7C, 0x10, 0x10, 0x10, 0x10, 0x10, 0x7C, 0x00, 0x04, 0x04, 0x04, 0x04, 0x04, 0x44, 0x38, 0x00, 0x44, 0x48, 0x50, 0x60, 0x50, 0x48, 0x44, 0x00, 0x40, 0x40, 0x40, 0x40, 0x40, 0x40, 0x7C, 0x00, 0x44, 0x6C, 0x54, 0x54, 0x44, 0x44, 0x44, 0x00, 0x44, 0x64, 0x54, 0x4C, 0x44, 0x44, 0x44, 0x00, 0x38, 0x44, 0x44, 0x44, 0x44, 0x44, 0x38, 0x00, 0x78, 0x44, 0x44, 0x78, 0x40, 0x40, 0x40, 0x00, 0x38, 0x44, 0x44, 0x44, 0x54, 0x48, 0x34, 0x00, 0x78, 0x44, 0x44, 0x78, 0x50, 0x48, 0x44, 0x00, 0x38, 0x44, 0x40, 0x38, 0x04, 0x44, 0x38, 0x00, 0x7C, 0x10, 0x10, 0x10, 0x10, 0x10, 0x10, 0x00, 0x44, 0x44, 0x44, 0x44, 0x44, 0x44, 0x38, 0x00, 0x44, 0x44, 0x44, 0x28, 0x28, 0x10, 0x10, 0x00, 0x44, 0x44, 0x44, 0x54, 0x54, 0x6C, 0x44, 0x00, 0x44, 0x44, 0x28, 0x10, 0x28, 0x44, 0x44, 0x00, 0x44, 0x44, 0x28, 0x10, 0x10, 0x10, 0x10, 0x00, 0x7C, 0x04, 0x08, 0x10, 0x20, 0x40, 0x7C, 0x00, 0x10, 0x38, 0x54, 0x10, 0x10, 0x10, 0x10, 0x00, 0x10, 0x10, 0x10, 0x10, 0x54, 0x38, 0x10, 0x00, 0x00, 0x10, 0x20, 0x7C, 0x20, 0x10, 0x00, 0x00, 0x00, 0x10, 0x08, 0x7C, 0x08, 0x10, 0x00, 0x00, 0x00, 0x00, 0x00, 0x00, 0x00, 0x00, 0x7C, 0x00, 0x00, 0x00, 0x00, 0x00, 0x00, 0x00, 0x00, 0x00, 0x10, 0x10, 0x10, 0x10, 0x10, 0x00, 0x10, 0x00, 0x28, 0x28, 0x00, 0x00, 0x00, 0x00, 0x00, 0x00, 0x28, 0x28, 0x7C, 0x28, 0x7C, 0x28, 0x28, 0x00, 0x10, 0x3C, 0x50, 0x38, 0x14, 0x78, 0x10, 0x00, 0x60, 0x64, 0x08, 0x10, 0x20, 0x4C, 0x0C, 0x00, 0x20, 0x50, 0x50, 0x20, 0x54, 0x48, 0x34, 0x00, 0x0C, 0x0C, 0x08, 0x10, 0x00, 0x00, 0x00, 0x00, 0x08, 0x10, 0x20, 0x20, 0x20, 0x10, 0x08, 0x00, 0x20, 0x10, 0x08, 0x08, 0x08, 0x10, 0x20, 0x00, 0x10, 0x54, 0x38, 0x7C, 0x38, 0x54, 0x10, 0x00, 0x00, 0x10, 0x10, 0x7C, 0x10, 0x10, 0x00, 0x00, 0x00, 0x00, 0x00, 0x00, 0x00, 0x18, 0x18, 0x10, 0x00, 0x00, 0x00, 0x7C, 0x00, 0x00, 0x00, 0x00, 0x00, 0x00, 0x00, 0x00, 0x00, 0x18, 0x18, 0x00, 0x00, 0x04, 0x08, 0x10, 0x20, 0x40, 0x00, 0x00, 0x38, 0x44, 0x4C, 0x54, 0x64, 0x44, 0x38, 0x00, 0x10, 0x30, 0x10, 0x10, 0x10, 0x10, 0x38, 0x00, 0x38, 0x44, 0x04, 0x38, 0x40, 0x40, 0x7C, 0x00, 0x38, 0x04, 0x04, 0x18, 0x04, 0x04, 0x38, 0x00, 0x08, 0x18, 0x28, 0x48, 0x7C, 0x08, 0x08, 0x00, 0x7C, 0x40, 0x78, 0x04, 0x04, 0x44, 0x38, 0x00, 0x18, 0x20, 0x40, 0x78, 0x44, 0x44, 0x38, 0x00, 0x7C, 0x04, 0x08, 0x10, 0x20, 0x40, 0x40, 0x00, 0x38, 0x44, 0x44, 0x38, 0x44, 0x44, 0x38, 0x00, 0x38, 0x44, 0x44, 0x3C, 0x04, 0x08, 0x30, 0x00, 0x00, 0x30, 0x30, 0x00, 0x30, 0x30, 0x00, 0x00, 0x00, 0x30, 0x30, 0x00, 0x30, 0x30, 0x20, 0x40, 0x08, 0x10, 0x20, 0x40, 0x20, 0x10, 0x08, 0x00, 0x00, 0x00, 0x7C, 0x00, 0x7C, 0x00, 0x00, 0x00, 0x40, 0x20, 0x10, 0x08, 0x10, 0x20, 0x40, 0x00, 0x38, 0x44, 0x04, 0x08, 0x10, 0x00, 0x10, 0x00
                                scratchpad:
5C06: 00 00 00 00 00 00         db 0,0,0,0,0,0
                                destination:
5C0C: 00 00                     db 0,0
                                fontpointer:
5C0E: 00 00                     db 0,0
                                
5C10: 57 45 4C 43 4F 4D 45 20   S2: db "WELCOME TO",0
5C18: 54 4F 00 
5C1B: 20 20 57 49 4E 54 45 52   S3: db "  WINTER  ",0
5C23: 20 20 00 
5C26: 20 43 41 4D 50 20 58 4C   S4: db " CAMP XLV ",0
5C2E: 56 20 00 
                                

5C31:
